2025-08-29 19:13:48,342 - Knowledge - INFO - Redis support added with prefix knowledge:b80022f:
2025-08-29 19:13:48,355 - Knowledge - INFO - load persisted knowledge: begin
2025-08-29 19:13:48,355 - Knowledge - INFO - load persisted knowledge: end
2025-08-29 19:13:48,355 - Knowledge - INFO - load persisted docinfo: begin
2025-08-29 19:13:48,355 - Knowledge - INFO - load persisted docinfo: end
2025-08-29 19:13:48,358 - Knowledge - INFO - worker kw1 created with dedicated MongoDB connection (total: 1)
2025-08-29 19:13:48,358 - Knowledge - INFO - knowledge worker kw1 start
2025-08-29 19:13:48,358 - Knowledge - INFO - worker kw1 pull /home/ubuntu/graphnode-backend-api/data/T0005/648342/b80022f/hello-react/vite-project/src/index.css from ingest queue
2025-08-29 19:13:48,360 - Knowledge - INFO - worker kw2 created with dedicated MongoDB connection (total: 2)
2025-08-29 19:13:48,360 - Knowledge - INFO - knowledge worker kw2 start
2025-08-29 19:13:48,361 - Knowledge - INFO - worker kw2 pull /home/ubuntu/graphnode-backend-api/data/T0005/648342/b80022f/hello-react/vite-project/src/main.tsx from ingest queue
2025-08-29 19:13:48,363 - Knowledge - INFO - worker kw3 created with dedicated MongoDB connection (total: 3)
2025-08-29 19:13:48,364 - Knowledge - INFO - knowledge worker kw3 start
2025-08-29 19:13:48,364 - Knowledge - INFO - worker kw3 pull /home/ubuntu/graphnode-backend-api/data/T0005/648342/b80022f/hello-react/vite-project/src/vite-env.d.ts from ingest queue
2025-08-29 19:13:48,365 - Knowledge - INFO - worker kw4 created with dedicated MongoDB connection (total: 4)
2025-08-29 19:13:48,366 - Knowledge - INFO - knowledge worker kw4 start
2025-08-29 19:13:48,366 - Knowledge - INFO - worker kw4 pull /home/ubuntu/graphnode-backend-api/data/T0005/648342/b80022f/hello-react/vite-project/src/App.tsx from ingest queue
2025-08-29 19:13:48,367 - Knowledge - INFO - process ingested knowledge for /home/ubuntu/graphnode-backend-api/data/T0005/648342/b80022f/hello-react/vite-project/src/index.css
2025-08-29 19:13:48,368 - Knowledge - INFO - Found code-base-name: https://github.com/praveen-mariappan/hello-react.git:main
2025-08-29 19:13:48,368 - Knowledge - INFO - Found code_base: <app.utils.kg_build.knowledge.KnowledgeCodeBase object at 0x78ea4ccd2780>
2025-08-29 19:13:48,368 - Knowledge - INFO - persist ingested knowledge for /home/ubuntu/graphnode-backend-api/data/T0005/648342/b80022f/hello-react/vite-project/src/index.css
2025-08-29 19:13:48,368 - Knowledge - INFO - worker kw5 created with dedicated MongoDB connection (total: 5)
2025-08-29 19:13:48,369 - Knowledge - INFO - knowledge worker kw5 start
2025-08-29 19:13:48,370 - Knowledge - INFO - worker kw6 created with dedicated MongoDB connection (total: 6)
2025-08-29 19:13:48,371 - Knowledge - INFO - knowledge worker kw6 start
2025-08-29 19:13:48,372 - Knowledge - INFO - worker kw7 created with dedicated MongoDB connection (total: 7)
2025-08-29 19:13:48,372 - Knowledge - INFO - knowledge worker kw7 start
2025-08-29 19:13:48,373 - Knowledge - INFO - worker kw8 created with dedicated MongoDB connection (total: 8)
2025-08-29 19:13:48,374 - Knowledge - INFO - knowledge worker kw8 start
2025-08-29 19:13:48,375 - Knowledge - INFO - worker kw9 created with dedicated MongoDB connection (total: 9)
2025-08-29 19:13:48,377 - Knowledge - INFO - knowledge worker kw9 start
2025-08-29 19:13:48,380 - Knowledge - INFO - worker kw10 created with dedicated MongoDB connection (total: 10)
2025-08-29 19:13:48,380 - Knowledge - INFO - knowledge worker kw10 start
2025-08-29 19:13:48,382 - Knowledge - INFO - process ingested knowledge for /home/ubuntu/graphnode-backend-api/data/T0005/648342/b80022f/hello-react/vite-project/src/vite-env.d.ts
2025-08-29 19:13:48,382 - Knowledge - INFO - process ingested knowledge for /home/ubuntu/graphnode-backend-api/data/T0005/648342/b80022f/hello-react/vite-project/src/main.tsx
2025-08-29 19:13:48,384 - Knowledge - INFO - worker kw11 created with dedicated MongoDB connection (total: 11)
2025-08-29 19:13:48,385 - Knowledge - INFO - knowledge worker kw11 start
2025-08-29 19:13:48,385 - Knowledge - INFO - process ingested knowledge for /home/ubuntu/graphnode-backend-api/data/T0005/648342/b80022f/hello-react/vite-project/src/App.tsx
2025-08-29 19:13:48,387 - Knowledge - INFO - worker kw12 created with dedicated MongoDB connection (total: 12)
2025-08-29 19:13:48,387 - Knowledge - INFO - knowledge worker kw12 start
2025-08-29 19:13:48,388 - Knowledge - INFO - worker kw13 created with dedicated MongoDB connection (total: 13)
2025-08-29 19:13:48,389 - Knowledge - INFO - knowledge worker kw13 start
2025-08-29 19:13:48,390 - Knowledge - INFO - worker kw14 created with dedicated MongoDB connection (total: 14)
2025-08-29 19:13:48,390 - Knowledge - INFO - knowledge worker kw14 start
2025-08-29 19:13:48,393 - Knowledge - INFO - worker kw8 pull /home/ubuntu/graphnode-backend-api/data/T0005/648342/b80022f/hello-react/vite-project/src/App.css from ingest queue
2025-08-29 19:13:48,394 - Knowledge - INFO - worker kw5 pull /home/ubuntu/graphnode-backend-api/data/T0005/648342/b80022f/hello-react/vite-project/eslint.config.js from ingest queue
2025-08-29 19:13:48,396 - Knowledge - INFO - worker kw6 pull /home/ubuntu/graphnode-backend-api/data/T0005/648342/b80022f/hello-react/vite-project/package.json from ingest queue
2025-08-29 19:13:48,398 - Knowledge - INFO - worker kw7 pull /home/ubuntu/graphnode-backend-api/data/T0005/648342/b80022f/hello-react/vite-project/index.html from ingest queue
2025-08-29 19:13:48,399 - Knowledge - INFO - worker kw9 pull /home/ubuntu/graphnode-backend-api/data/T0005/648342/b80022f/hello-react/vite-project/tsconfig.app.json from ingest queue
2025-08-29 19:13:48,401 - Knowledge - INFO - worker kw10 pull /home/ubuntu/graphnode-backend-api/data/T0005/648342/b80022f/hello-react/vite-project/vite.config.ts from ingest queue
2025-08-29 19:13:48,402 - Knowledge - INFO - Found code-base-name: https://github.com/praveen-mariappan/hello-react.git:main
2025-08-29 19:13:48,402 - Knowledge - INFO - Found code_base: <app.utils.kg_build.knowledge.KnowledgeCodeBase object at 0x78ea4ccd2780>
2025-08-29 19:13:48,402 - Knowledge - INFO - persist ingested knowledge for /home/ubuntu/graphnode-backend-api/data/T0005/648342/b80022f/hello-react/vite-project/src/main.tsx
2025-08-29 19:13:48,407 - Knowledge - INFO - process ingested knowledge for /home/ubuntu/graphnode-backend-api/data/T0005/648342/b80022f/hello-react/vite-project/index.html
2025-08-29 19:13:48,410 - Knowledge - INFO - process ingested knowledge for /home/ubuntu/graphnode-backend-api/data/T0005/648342/b80022f/hello-react/vite-project/package.json
2025-08-29 19:13:48,411 - Knowledge - INFO - process ingested knowledge for /home/ubuntu/graphnode-backend-api/data/T0005/648342/b80022f/hello-react/vite-project/src/App.css
2025-08-29 19:13:48,411 - Knowledge - INFO - process ingested knowledge for /home/ubuntu/graphnode-backend-api/data/T0005/648342/b80022f/hello-react/vite-project/tsconfig.app.json
2025-08-29 19:13:48,412 - Knowledge - INFO - process ingested knowledge for /home/ubuntu/graphnode-backend-api/data/T0005/648342/b80022f/hello-react/vite-project/eslint.config.js
2025-08-29 19:13:48,413 - Knowledge - INFO - process ingested knowledge for /home/ubuntu/graphnode-backend-api/data/T0005/648342/b80022f/hello-react/vite-project/vite.config.ts
2025-08-29 19:13:48,419 - Knowledge - INFO - worker kw11 pull /home/ubuntu/graphnode-backend-api/data/T0005/648342/b80022f/hello-react/vite-project/tsconfig.json from ingest queue
2025-08-29 19:13:48,420 - Knowledge - INFO - Found code-base-name: https://github.com/praveen-mariappan/hello-react.git:main
2025-08-29 19:13:48,421 - Knowledge - INFO - Found code_base: <app.utils.kg_build.knowledge.KnowledgeCodeBase object at 0x78ea4ccd2780>
2025-08-29 19:13:48,421 - Knowledge - INFO - persist ingested knowledge for /home/ubuntu/graphnode-backend-api/data/T0005/648342/b80022f/hello-react/vite-project/src/App.tsx
2025-08-29 19:13:48,421 - Knowledge - INFO - worker kw12 pull /home/ubuntu/graphnode-backend-api/data/T0005/648342/b80022f/hello-react/vite-project/tsconfig.node.json from ingest queue
2025-08-29 19:13:48,421 - Knowledge - INFO - worker kw13 pull /home/ubuntu/graphnode-backend-api/data/T0005/648342/b80022f/hello-react/vite-project/README.md from ingest queue
2025-08-29 19:13:48,422 - Knowledge - INFO - worker kw14 pull /home/ubuntu/graphnode-backend-api/data/T0005/648342/b80022f/hello-react/README.md from ingest queue
2025-08-29 19:13:48,424 - Knowledge - INFO - adding /home/ubuntu/graphnode-backend-api/data/T0005/648342/b80022f/hello-react/vite-project/src/index.css to ingest queue
2025-08-29 19:13:48,424 - Knowledge - INFO - Found code-base-name: https://github.com/praveen-mariappan/hello-react.git:main
2025-08-29 19:13:48,424 - Knowledge - INFO - Found code_base: <app.utils.kg_build.knowledge.KnowledgeCodeBase object at 0x78ea4ccd2780>
2025-08-29 19:13:48,424 - Knowledge - INFO - persist ingested knowledge for /home/ubuntu/graphnode-backend-api/data/T0005/648342/b80022f/hello-react/vite-project/src/vite-env.d.ts
2025-08-29 19:13:48,425 - Knowledge - INFO - Found code-base-name: https://github.com/praveen-mariappan/hello-react.git:main
2025-08-29 19:13:48,426 - Knowledge - INFO - Found code_base: <app.utils.kg_build.knowledge.KnowledgeCodeBase object at 0x78ea4ccd2780>
2025-08-29 19:13:48,426 - Knowledge - INFO - persist ingested knowledge for /home/ubuntu/graphnode-backend-api/data/T0005/648342/b80022f/hello-react/vite-project/index.html
2025-08-29 19:13:48,426 - Knowledge - INFO - Found code-base-name: https://github.com/praveen-mariappan/hello-react.git:main
2025-08-29 19:13:48,426 - Knowledge - INFO - Found code_base: <app.utils.kg_build.knowledge.KnowledgeCodeBase object at 0x78ea4ccd2780>
2025-08-29 19:13:48,426 - Knowledge - INFO - persist ingested knowledge for /home/ubuntu/graphnode-backend-api/data/T0005/648342/b80022f/hello-react/vite-project/src/App.css
2025-08-29 19:13:48,426 - Knowledge - INFO - Found code-base-name: https://github.com/praveen-mariappan/hello-react.git:main
2025-08-29 19:13:48,426 - Knowledge - INFO - Found code_base: <app.utils.kg_build.knowledge.KnowledgeCodeBase object at 0x78ea4ccd2780>
2025-08-29 19:13:48,426 - Knowledge - INFO - persist ingested knowledge for /home/ubuntu/graphnode-backend-api/data/T0005/648342/b80022f/hello-react/vite-project/package.json
2025-08-29 19:13:48,427 - Knowledge - INFO - Found code-base-name: https://github.com/praveen-mariappan/hello-react.git:main
2025-08-29 19:13:48,427 - Knowledge - INFO - Found code_base: <app.utils.kg_build.knowledge.KnowledgeCodeBase object at 0x78ea4ccd2780>
2025-08-29 19:13:48,427 - Knowledge - INFO - persist ingested knowledge for /home/ubuntu/graphnode-backend-api/data/T0005/648342/b80022f/hello-react/vite-project/tsconfig.app.json
2025-08-29 19:13:48,427 - Knowledge - INFO - Found code-base-name: https://github.com/praveen-mariappan/hello-react.git:main
2025-08-29 19:13:48,427 - Knowledge - INFO - Found code_base: <app.utils.kg_build.knowledge.KnowledgeCodeBase object at 0x78ea4ccd2780>
2025-08-29 19:13:48,427 - Knowledge - INFO - persist ingested knowledge for /home/ubuntu/graphnode-backend-api/data/T0005/648342/b80022f/hello-react/vite-project/eslint.config.js
2025-08-29 19:13:48,428 - Knowledge - INFO - process ingested knowledge for /home/ubuntu/graphnode-backend-api/data/T0005/648342/b80022f/hello-react/vite-project/README.md
2025-08-29 19:13:48,429 - Knowledge - INFO - process ingested knowledge for /home/ubuntu/graphnode-backend-api/data/T0005/648342/b80022f/hello-react/vite-project/tsconfig.json
2025-08-29 19:13:48,429 - Knowledge - INFO - Found code-base-name: https://github.com/praveen-mariappan/hello-react.git:main
2025-08-29 19:13:48,429 - Knowledge - INFO - Found code_base: <app.utils.kg_build.knowledge.KnowledgeCodeBase object at 0x78ea4ccd2780>
2025-08-29 19:13:48,429 - Knowledge - INFO - persist ingested knowledge for /home/ubuntu/graphnode-backend-api/data/T0005/648342/b80022f/hello-react/vite-project/vite.config.ts
2025-08-29 19:13:48,430 - Knowledge - INFO - adding /home/ubuntu/graphnode-backend-api/data/T0005/648342/b80022f/hello-react/vite-project/src/main.tsx to ingest queue
2025-08-29 19:13:48,432 - Knowledge - INFO - process ingested knowledge for /home/ubuntu/graphnode-backend-api/data/T0005/648342/b80022f/hello-react/vite-project/tsconfig.node.json
2025-08-29 19:13:48,433 - Knowledge - INFO - process ingested knowledge for /home/ubuntu/graphnode-backend-api/data/T0005/648342/b80022f/hello-react/README.md
2025-08-29 19:13:48,442 - Knowledge - INFO - worker kw1 pull /home/ubuntu/graphnode-backend-api/data/T0005/648342/b80022f/hello-react/vite-project/src/index.css from ingest queue
2025-08-29 19:13:48,442 - Knowledge - INFO - Thread kw1 - File index.css - Remaining files in queue: 1
2025-08-29 19:13:48,442 - Knowledge - INFO - start ingest for /home/ubuntu/graphnode-backend-api/data/T0005/648342/b80022f/hello-react/vite-project/src/index.css
2025-08-29 19:13:48,523 - Knowledge - INFO - Found code-base-name: https://github.com/praveen-mariappan/hello-react.git:main
2025-08-29 19:13:48,523 - Knowledge - INFO - Found code_base: <app.utils.kg_build.knowledge.KnowledgeCodeBase object at 0x78ea4ccd2780>
2025-08-29 19:13:48,523 - Knowledge - INFO - persist ingested knowledge for /home/ubuntu/graphnode-backend-api/data/T0005/648342/b80022f/hello-react/vite-project/tsconfig.json
2025-08-29 19:13:48,524 - Knowledge - INFO - worker kw2 pull /home/ubuntu/graphnode-backend-api/data/T0005/648342/b80022f/hello-react/vite-project/src/main.tsx from ingest queue
2025-08-29 19:13:48,524 - Knowledge - INFO - Thread kw2 - File main.tsx - Remaining files in queue: 0
2025-08-29 19:13:48,524 - Knowledge - INFO - start ingest for /home/ubuntu/graphnode-backend-api/data/T0005/648342/b80022f/hello-react/vite-project/src/main.tsx
2025-08-29 19:13:48,525 - Knowledge - INFO - Fast-track processing for simple file: /home/ubuntu/graphnode-backend-api/data/T0005/648342/b80022f/hello-react/vite-project/src/main.tsx
2025-08-29 19:13:48,525 - Knowledge - INFO - done fast ingest for /home/ubuntu/graphnode-backend-api/data/T0005/648342/b80022f/hello-react/vite-project/src/main.tsx
2025-08-29 19:13:48,525 - Knowledge - INFO - Found code-base-name: https://github.com/praveen-mariappan/hello-react.git:main
2025-08-29 19:13:48,525 - Knowledge - INFO - Found code_base: <app.utils.kg_build.knowledge.KnowledgeCodeBase object at 0x78ea4ccd2780>
2025-08-29 19:13:48,525 - Knowledge - INFO - persist ingested knowledge for /home/ubuntu/graphnode-backend-api/data/T0005/648342/b80022f/hello-react/vite-project/README.md
2025-08-29 19:13:48,526 - Knowledge - INFO - Found code-base-name: https://github.com/praveen-mariappan/hello-react.git:main
2025-08-29 19:13:48,526 - Knowledge - INFO - Found code_base: <app.utils.kg_build.knowledge.KnowledgeCodeBase object at 0x78ea4ccd2780>
2025-08-29 19:13:48,526 - Knowledge - INFO - persist ingested knowledge for /home/ubuntu/graphnode-backend-api/data/T0005/648342/b80022f/hello-react/README.md
2025-08-29 19:13:48,530 - Knowledge - INFO - process ingested knowledge for /home/ubuntu/graphnode-backend-api/data/T0005/648342/b80022f/hello-react/vite-project/src/main.tsx
2025-08-29 19:13:48,559 - Knowledge - INFO - adding /home/ubuntu/graphnode-backend-api/data/T0005/648342/b80022f/hello-react/vite-project/src/App.tsx to ingest queue
2025-08-29 19:13:48,564 - Knowledge - INFO - adding /home/ubuntu/graphnode-backend-api/data/T0005/648342/b80022f/hello-react/vite-project/src/vite-env.d.ts to ingest queue
2025-08-29 19:13:48,564 - Knowledge - INFO - adding /home/ubuntu/graphnode-backend-api/data/T0005/648342/b80022f/hello-react/vite-project/src/App.css to ingest queue
2025-08-29 19:13:48,564 - Knowledge - INFO - adding /home/ubuntu/graphnode-backend-api/data/T0005/648342/b80022f/hello-react/vite-project/package.json to ingest queue
2025-08-29 19:13:48,565 - Knowledge - INFO - adding /home/ubuntu/graphnode-backend-api/data/T0005/648342/b80022f/hello-react/vite-project/tsconfig.app.json to ingest queue
2025-08-29 19:13:48,565 - Knowledge - INFO - adding /home/ubuntu/graphnode-backend-api/data/T0005/648342/b80022f/hello-react/vite-project/eslint.config.js to ingest queue
2025-08-29 19:13:48,565 - Knowledge - INFO - adding /home/ubuntu/graphnode-backend-api/data/T0005/648342/b80022f/hello-react/vite-project/vite.config.ts to ingest queue
2025-08-29 19:13:48,586 - Knowledge - INFO - Found code-base-name: https://github.com/praveen-mariappan/hello-react.git:main
2025-08-29 19:13:48,587 - Knowledge - INFO - Found code_base: <app.utils.kg_build.knowledge.KnowledgeCodeBase object at 0x78ea4ccd2780>
2025-08-29 19:13:48,587 - Knowledge - INFO - persist ingested knowledge for /home/ubuntu/graphnode-backend-api/data/T0005/648342/b80022f/hello-react/vite-project/tsconfig.node.json
2025-08-29 19:13:48,618 - Knowledge - INFO - Found code-base-name: https://github.com/praveen-mariappan/hello-react.git:main
2025-08-29 19:13:48,618 - Knowledge - INFO - Found code_base: <app.utils.kg_build.knowledge.KnowledgeCodeBase object at 0x78ea4ccd2780>
2025-08-29 19:13:48,618 - Knowledge - INFO - persist ingested knowledge for /home/ubuntu/graphnode-backend-api/data/T0005/648342/b80022f/hello-react/vite-project/src/main.tsx
2025-08-29 19:13:48,618 - Knowledge - INFO - adding /home/ubuntu/graphnode-backend-api/data/T0005/648342/b80022f/hello-react/vite-project/index.html to ingest queue
2025-08-29 19:13:48,618 - Knowledge - INFO - worker kw4 pull /home/ubuntu/graphnode-backend-api/data/T0005/648342/b80022f/hello-react/vite-project/src/App.tsx from ingest queue
2025-08-29 19:13:48,619 - Knowledge - INFO - Thread kw4 - File App.tsx - Remaining files in queue: 7
2025-08-29 19:13:48,619 - Knowledge - INFO - start ingest for /home/ubuntu/graphnode-backend-api/data/T0005/648342/b80022f/hello-react/vite-project/src/App.tsx
2025-08-29 19:13:48,619 - Knowledge - INFO - worker kw3 pull /home/ubuntu/graphnode-backend-api/data/T0005/648342/b80022f/hello-react/vite-project/src/vite-env.d.ts from ingest queue
2025-08-29 19:13:48,619 - Knowledge - INFO - Thread kw3 - File vite-env.d.ts - Remaining files in queue: 6
2025-08-29 19:13:48,619 - Knowledge - INFO - start ingest for /home/ubuntu/graphnode-backend-api/data/T0005/648342/b80022f/hello-react/vite-project/src/vite-env.d.ts
2025-08-29 19:13:48,620 - Knowledge - INFO - worker kw6 pull /home/ubuntu/graphnode-backend-api/data/T0005/648342/b80022f/hello-react/vite-project/src/App.css from ingest queue
2025-08-29 19:13:48,620 - Knowledge - INFO - Thread kw6 - File App.css - Remaining files in queue: 5
2025-08-29 19:13:48,620 - Knowledge - INFO - start ingest for /home/ubuntu/graphnode-backend-api/data/T0005/648342/b80022f/hello-react/vite-project/src/App.css
2025-08-29 19:13:48,621 - Knowledge - INFO - worker kw5 pull /home/ubuntu/graphnode-backend-api/data/T0005/648342/b80022f/hello-react/vite-project/package.json from ingest queue
2025-08-29 19:13:48,621 - Knowledge - INFO - Thread kw5 - File package.json - Remaining files in queue: 4
2025-08-29 19:13:48,621 - Knowledge - INFO - start ingest for /home/ubuntu/graphnode-backend-api/data/T0005/648342/b80022f/hello-react/vite-project/package.json
2025-08-29 19:13:48,622 - Knowledge - INFO - Fast-track processing for simple file: /home/ubuntu/graphnode-backend-api/data/T0005/648342/b80022f/hello-react/vite-project/src/vite-env.d.ts
2025-08-29 19:13:48,622 - Knowledge - INFO - done fast ingest for /home/ubuntu/graphnode-backend-api/data/T0005/648342/b80022f/hello-react/vite-project/src/vite-env.d.ts
2025-08-29 19:13:48,622 - Knowledge - INFO - Fast-track processing for simple file: /home/ubuntu/graphnode-backend-api/data/T0005/648342/b80022f/hello-react/vite-project/package.json
2025-08-29 19:13:48,622 - Knowledge - INFO - done fast ingest for /home/ubuntu/graphnode-backend-api/data/T0005/648342/b80022f/hello-react/vite-project/package.json
2025-08-29 19:13:48,622 - Knowledge - INFO - process ingested knowledge for /home/ubuntu/graphnode-backend-api/data/T0005/648342/b80022f/hello-react/vite-project/package.json
2025-08-29 19:13:48,634 - Knowledge - INFO - process ingested knowledge for /home/ubuntu/graphnode-backend-api/data/T0005/648342/b80022f/hello-react/vite-project/src/vite-env.d.ts
2025-08-29 19:13:48,652 - Knowledge - INFO - adding /home/ubuntu/graphnode-backend-api/data/T0005/648342/b80022f/hello-react/vite-project/README.md to ingest queue
2025-08-29 19:13:48,653 - Knowledge - INFO - adding /home/ubuntu/graphnode-backend-api/data/T0005/648342/b80022f/hello-react/README.md to ingest queue
2025-08-29 19:13:48,685 - Knowledge - INFO - worker kw8 pull /home/ubuntu/graphnode-backend-api/data/T0005/648342/b80022f/hello-react/vite-project/tsconfig.app.json from ingest queue
2025-08-29 19:13:48,685 - Knowledge - INFO - Thread kw8 - File tsconfig.app.json - Remaining files in queue: 5
2025-08-29 19:13:48,685 - Knowledge - INFO - start ingest for /home/ubuntu/graphnode-backend-api/data/T0005/648342/b80022f/hello-react/vite-project/tsconfig.app.json
2025-08-29 19:13:48,686 - Knowledge - INFO - Fast-track processing for simple file: /home/ubuntu/graphnode-backend-api/data/T0005/648342/b80022f/hello-react/vite-project/tsconfig.app.json
2025-08-29 19:13:48,686 - Knowledge - INFO - done fast ingest for /home/ubuntu/graphnode-backend-api/data/T0005/648342/b80022f/hello-react/vite-project/tsconfig.app.json
2025-08-29 19:13:48,686 - Knowledge - INFO - process ingested knowledge for /home/ubuntu/graphnode-backend-api/data/T0005/648342/b80022f/hello-react/vite-project/tsconfig.app.json
2025-08-29 19:13:48,687 - Knowledge - INFO - worker kw7 pull /home/ubuntu/graphnode-backend-api/data/T0005/648342/b80022f/hello-react/vite-project/eslint.config.js from ingest queue
2025-08-29 19:13:48,687 - Knowledge - INFO - Thread kw7 - File eslint.config.js - Remaining files in queue: 4
2025-08-29 19:13:48,687 - Knowledge - INFO - start ingest for /home/ubuntu/graphnode-backend-api/data/T0005/648342/b80022f/hello-react/vite-project/eslint.config.js
2025-08-29 19:13:48,687 - Knowledge - INFO - worker kw10 pull /home/ubuntu/graphnode-backend-api/data/T0005/648342/b80022f/hello-react/vite-project/vite.config.ts from ingest queue
2025-08-29 19:13:48,687 - Knowledge - INFO - Thread kw10 - File vite.config.ts - Remaining files in queue: 3
2025-08-29 19:13:48,688 - Knowledge - INFO - start ingest for /home/ubuntu/graphnode-backend-api/data/T0005/648342/b80022f/hello-react/vite-project/vite.config.ts
2025-08-29 19:13:48,688 - Knowledge - INFO - Found code-base-name: https://github.com/praveen-mariappan/hello-react.git:main
2025-08-29 19:13:48,688 - Knowledge - INFO - Found code_base: <app.utils.kg_build.knowledge.KnowledgeCodeBase object at 0x78ea4ccd2780>
2025-08-29 19:13:48,688 - Knowledge - INFO - persist ingested knowledge for /home/ubuntu/graphnode-backend-api/data/T0005/648342/b80022f/hello-react/vite-project/package.json
2025-08-29 19:13:48,689 - Knowledge - INFO - adding /home/ubuntu/graphnode-backend-api/data/T0005/648342/b80022f/hello-react/vite-project/tsconfig.node.json to ingest queue
2025-08-29 19:13:48,690 - Knowledge - INFO - worker kw13 pull /home/ubuntu/graphnode-backend-api/data/T0005/648342/b80022f/hello-react/vite-project/index.html from ingest queue
2025-08-29 19:13:48,690 - Knowledge - INFO - Thread kw13 - File index.html - Remaining files in queue: 3
2025-08-29 19:13:48,690 - Knowledge - INFO - start ingest for /home/ubuntu/graphnode-backend-api/data/T0005/648342/b80022f/hello-react/vite-project/index.html
2025-08-29 19:13:48,692 - Knowledge - INFO - worker kw14 pull /home/ubuntu/graphnode-backend-api/data/T0005/648342/b80022f/hello-react/vite-project/README.md from ingest queue
2025-08-29 19:13:48,692 - Knowledge - INFO - Thread kw14 - File README.md - Remaining files in queue: 2
2025-08-29 19:13:48,692 - Knowledge - INFO - start ingest for /home/ubuntu/graphnode-backend-api/data/T0005/648342/b80022f/hello-react/vite-project/README.md
2025-08-29 19:13:48,692 - Knowledge - INFO - worker kw9 pull /home/ubuntu/graphnode-backend-api/data/T0005/648342/b80022f/hello-react/README.md from ingest queue
2025-08-29 19:13:48,692 - Knowledge - INFO - Thread kw9 - File README.md - Remaining files in queue: 1
2025-08-29 19:13:48,692 - Knowledge - INFO - start ingest for /home/ubuntu/graphnode-backend-api/data/T0005/648342/b80022f/hello-react/README.md
2025-08-29 19:13:48,693 - Knowledge - INFO - adding /home/ubuntu/graphnode-backend-api/data/T0005/648342/b80022f/hello-react/vite-project/tsconfig.json to ingest queue
2025-08-29 19:13:48,693 - Knowledge - INFO - Fast-track processing for simple file: /home/ubuntu/graphnode-backend-api/data/T0005/648342/b80022f/hello-react/vite-project/index.html
2025-08-29 19:13:48,693 - Knowledge - INFO - done fast ingest for /home/ubuntu/graphnode-backend-api/data/T0005/648342/b80022f/hello-react/vite-project/index.html
2025-08-29 19:13:48,693 - Knowledge - INFO - process ingested knowledge for /home/ubuntu/graphnode-backend-api/data/T0005/648342/b80022f/hello-react/vite-project/index.html
2025-08-29 19:13:48,693 - Knowledge - INFO - Fast-track processing for simple file: /home/ubuntu/graphnode-backend-api/data/T0005/648342/b80022f/hello-react/vite-project/README.md
2025-08-29 19:13:48,694 - Knowledge - INFO - done fast ingest for /home/ubuntu/graphnode-backend-api/data/T0005/648342/b80022f/hello-react/vite-project/README.md
2025-08-29 19:13:48,694 - Knowledge - INFO - process ingested knowledge for /home/ubuntu/graphnode-backend-api/data/T0005/648342/b80022f/hello-react/vite-project/README.md
2025-08-29 19:13:48,694 - Knowledge - INFO - Fast-track processing for simple file: /home/ubuntu/graphnode-backend-api/data/T0005/648342/b80022f/hello-react/vite-project/vite.config.ts
2025-08-29 19:13:48,694 - Knowledge - INFO - done fast ingest for /home/ubuntu/graphnode-backend-api/data/T0005/648342/b80022f/hello-react/vite-project/vite.config.ts
2025-08-29 19:13:48,695 - Knowledge - INFO - Fast-track processing for simple file: /home/ubuntu/graphnode-backend-api/data/T0005/648342/b80022f/hello-react/README.md
2025-08-29 19:13:48,695 - Knowledge - INFO - done fast ingest for /home/ubuntu/graphnode-backend-api/data/T0005/648342/b80022f/hello-react/README.md
2025-08-29 19:13:48,696 - Knowledge - INFO - process ingested knowledge for /home/ubuntu/graphnode-backend-api/data/T0005/648342/b80022f/hello-react/README.md
2025-08-29 19:13:48,706 - Knowledge - INFO - process ingested knowledge for /home/ubuntu/graphnode-backend-api/data/T0005/648342/b80022f/hello-react/vite-project/vite.config.ts
2025-08-29 19:13:48,721 - Knowledge - INFO - worker kw2 pull /home/ubuntu/graphnode-backend-api/data/T0005/648342/b80022f/hello-react/vite-project/tsconfig.node.json from ingest queue
2025-08-29 19:13:48,721 - Knowledge - INFO - Thread kw2 - File tsconfig.node.json - Remaining files in queue: 1
2025-08-29 19:13:48,721 - Knowledge - INFO - start ingest for /home/ubuntu/graphnode-backend-api/data/T0005/648342/b80022f/hello-react/vite-project/tsconfig.node.json
2025-08-29 19:13:48,722 - Knowledge - INFO - worker kw12 pull /home/ubuntu/graphnode-backend-api/data/T0005/648342/b80022f/hello-react/vite-project/tsconfig.json from ingest queue
2025-08-29 19:13:48,722 - Knowledge - INFO - Thread kw12 - File tsconfig.json - Remaining files in queue: 0
2025-08-29 19:13:48,722 - Knowledge - INFO - start ingest for /home/ubuntu/graphnode-backend-api/data/T0005/648342/b80022f/hello-react/vite-project/tsconfig.json
2025-08-29 19:13:48,727 - Knowledge - INFO - Found code-base-name: https://github.com/praveen-mariappan/hello-react.git:main
2025-08-29 19:13:48,728 - Knowledge - INFO - Found code_base: <app.utils.kg_build.knowledge.KnowledgeCodeBase object at 0x78ea4ccd2780>
2025-08-29 19:13:48,728 - Knowledge - INFO - persist ingested knowledge for /home/ubuntu/graphnode-backend-api/data/T0005/648342/b80022f/hello-react/vite-project/index.html
2025-08-29 19:13:48,728 - Knowledge - INFO - Fast-track processing for simple file: /home/ubuntu/graphnode-backend-api/data/T0005/648342/b80022f/hello-react/vite-project/tsconfig.node.json
2025-08-29 19:13:48,728 - Knowledge - INFO - done fast ingest for /home/ubuntu/graphnode-backend-api/data/T0005/648342/b80022f/hello-react/vite-project/tsconfig.node.json
2025-08-29 19:13:48,728 - Knowledge - INFO - process ingested knowledge for /home/ubuntu/graphnode-backend-api/data/T0005/648342/b80022f/hello-react/vite-project/tsconfig.node.json
2025-08-29 19:13:48,728 - Knowledge - INFO - Found code-base-name: https://github.com/praveen-mariappan/hello-react.git:main
2025-08-29 19:13:48,728 - Knowledge - INFO - Found code_base: <app.utils.kg_build.knowledge.KnowledgeCodeBase object at 0x78ea4ccd2780>
2025-08-29 19:13:48,728 - Knowledge - INFO - persist ingested knowledge for /home/ubuntu/graphnode-backend-api/data/T0005/648342/b80022f/hello-react/vite-project/README.md
2025-08-29 19:13:48,729 - Knowledge - INFO - Found code-base-name: https://github.com/praveen-mariappan/hello-react.git:main
2025-08-29 19:13:48,729 - Knowledge - INFO - Found code_base: <app.utils.kg_build.knowledge.KnowledgeCodeBase object at 0x78ea4ccd2780>
2025-08-29 19:13:48,729 - Knowledge - INFO - persist ingested knowledge for /home/ubuntu/graphnode-backend-api/data/T0005/648342/b80022f/hello-react/README.md
2025-08-29 19:13:48,742 - Knowledge - INFO - Fast-track processing for simple file: /home/ubuntu/graphnode-backend-api/data/T0005/648342/b80022f/hello-react/vite-project/tsconfig.json
2025-08-29 19:13:48,743 - Knowledge - INFO - done fast ingest for /home/ubuntu/graphnode-backend-api/data/T0005/648342/b80022f/hello-react/vite-project/tsconfig.json
2025-08-29 19:13:48,743 - Knowledge - INFO - process ingested knowledge for /home/ubuntu/graphnode-backend-api/data/T0005/648342/b80022f/hello-react/vite-project/tsconfig.json
2025-08-29 19:13:48,794 - Knowledge - INFO - Found code-base-name: https://github.com/praveen-mariappan/hello-react.git:main
2025-08-29 19:13:48,794 - Knowledge - INFO - Found code_base: <app.utils.kg_build.knowledge.KnowledgeCodeBase object at 0x78ea4ccd2780>
2025-08-29 19:13:48,794 - Knowledge - INFO - persist ingested knowledge for /home/ubuntu/graphnode-backend-api/data/T0005/648342/b80022f/hello-react/vite-project/src/vite-env.d.ts
2025-08-29 19:13:48,795 - Knowledge - INFO - Found code-base-name: https://github.com/praveen-mariappan/hello-react.git:main
2025-08-29 19:13:48,795 - Knowledge - INFO - Found code_base: <app.utils.kg_build.knowledge.KnowledgeCodeBase object at 0x78ea4ccd2780>
2025-08-29 19:13:48,795 - Knowledge - INFO - persist ingested knowledge for /home/ubuntu/graphnode-backend-api/data/T0005/648342/b80022f/hello-react/vite-project/tsconfig.node.json
2025-08-29 19:13:48,796 - Knowledge - INFO - Found code-base-name: https://github.com/praveen-mariappan/hello-react.git:main
2025-08-29 19:13:48,796 - Knowledge - INFO - Found code_base: <app.utils.kg_build.knowledge.KnowledgeCodeBase object at 0x78ea4ccd2780>
2025-08-29 19:13:48,796 - Knowledge - INFO - persist ingested knowledge for /home/ubuntu/graphnode-backend-api/data/T0005/648342/b80022f/hello-react/vite-project/tsconfig.json
2025-08-29 19:13:48,818 - Knowledge - INFO - Found code-base-name: https://github.com/praveen-mariappan/hello-react.git:main
2025-08-29 19:13:48,818 - Knowledge - INFO - Found code_base: <app.utils.kg_build.knowledge.KnowledgeCodeBase object at 0x78ea4ccd2780>
2025-08-29 19:13:48,818 - Knowledge - INFO - persist ingested knowledge for /home/ubuntu/graphnode-backend-api/data/T0005/648342/b80022f/hello-react/vite-project/vite.config.ts
2025-08-29 19:13:48,818 - Knowledge - INFO - Found code-base-name: https://github.com/praveen-mariappan/hello-react.git:main
2025-08-29 19:13:48,818 - Knowledge - INFO - Found code_base: <app.utils.kg_build.knowledge.KnowledgeCodeBase object at 0x78ea4ccd2780>
2025-08-29 19:13:48,818 - Knowledge - INFO - persist ingested knowledge for /home/ubuntu/graphnode-backend-api/data/T0005/648342/b80022f/hello-react/vite-project/tsconfig.app.json
2025-08-29 19:13:50,143 - Knowledge - INFO - done ingest for /home/ubuntu/graphnode-backend-api/data/T0005/648342/b80022f/hello-react/vite-project/src/App.css
2025-08-29 19:13:50,143 - Knowledge - INFO - process ingested knowledge for /home/ubuntu/graphnode-backend-api/data/T0005/648342/b80022f/hello-react/vite-project/src/App.css
2025-08-29 19:13:50,155 - Knowledge - INFO - Found code-base-name: https://github.com/praveen-mariappan/hello-react.git:main
2025-08-29 19:13:50,155 - Knowledge - INFO - Found code_base: <app.utils.kg_build.knowledge.KnowledgeCodeBase object at 0x78ea4ccd2780>
2025-08-29 19:13:50,155 - Knowledge - INFO - persist ingested knowledge for /home/ubuntu/graphnode-backend-api/data/T0005/648342/b80022f/hello-react/vite-project/src/App.css
2025-08-29 19:13:50,871 - Knowledge - INFO - done ingest for /home/ubuntu/graphnode-backend-api/data/T0005/648342/b80022f/hello-react/vite-project/src/index.css
2025-08-29 19:13:50,871 - Knowledge - INFO - process ingested knowledge for /home/ubuntu/graphnode-backend-api/data/T0005/648342/b80022f/hello-react/vite-project/src/index.css
2025-08-29 19:13:50,874 - Knowledge - INFO - Found code-base-name: https://github.com/praveen-mariappan/hello-react.git:main
2025-08-29 19:13:50,874 - Knowledge - INFO - Found code_base: <app.utils.kg_build.knowledge.KnowledgeCodeBase object at 0x78ea4ccd2780>
2025-08-29 19:13:50,874 - Knowledge - INFO - persist ingested knowledge for /home/ubuntu/graphnode-backend-api/data/T0005/648342/b80022f/hello-react/vite-project/src/index.css
2025-08-29 19:13:50,976 - Knowledge - INFO - done ingest for /home/ubuntu/graphnode-backend-api/data/T0005/648342/b80022f/hello-react/vite-project/eslint.config.js
2025-08-29 19:13:50,995 - Knowledge - INFO - process ingested knowledge for /home/ubuntu/graphnode-backend-api/data/T0005/648342/b80022f/hello-react/vite-project/eslint.config.js
2025-08-29 19:13:50,996 - Knowledge - INFO - Found code-base-name: https://github.com/praveen-mariappan/hello-react.git:main
2025-08-29 19:13:50,997 - Knowledge - INFO - Found code_base: <app.utils.kg_build.knowledge.KnowledgeCodeBase object at 0x78ea4ccd2780>
2025-08-29 19:13:50,997 - Knowledge - INFO - persist ingested knowledge for /home/ubuntu/graphnode-backend-api/data/T0005/648342/b80022f/hello-react/vite-project/eslint.config.js
2025-08-29 19:13:52,303 - Knowledge - INFO - persist search terms embedding for vite-project/eslint.config.js
2025-08-29 19:13:53,057 - Knowledge - INFO - done ingest for /home/ubuntu/graphnode-backend-api/data/T0005/648342/b80022f/hello-react/vite-project/src/App.tsx
2025-08-29 19:13:53,061 - Knowledge - INFO - process ingested knowledge for /home/ubuntu/graphnode-backend-api/data/T0005/648342/b80022f/hello-react/vite-project/src/App.tsx
2025-08-29 19:13:53,062 - Knowledge - INFO - Found code-base-name: https://github.com/praveen-mariappan/hello-react.git:main
2025-08-29 19:13:53,062 - Knowledge - INFO - Found code_base: <app.utils.kg_build.knowledge.KnowledgeCodeBase object at 0x78ea4ccd2780>
2025-08-29 19:13:53,062 - Knowledge - INFO - persist ingested knowledge for /home/ubuntu/graphnode-backend-api/data/T0005/648342/b80022f/hello-react/vite-project/src/App.tsx
2025-08-29 19:13:53,309 - Knowledge - INFO - persist search terms embedding for vite-project/src/App.tsx
2025-08-29 19:13:53,310 - Knowledge - INFO - Knowledge creation complete
2025-08-29 19:13:53,312 - Knowledge - INFO - Updating org costs, total cost: 0.0007634
2025-08-29 19:13:53,432 - Knowledge - INFO - Saving knowledge to Redis...
2025-08-29 19:13:53,439 - Knowledge - INFO - Knowledge saved to Redis successfully
2025-08-29 19:41:41,253 - Knowledge - INFO - Redis support added with prefix knowledge:b1358k8:
2025-08-29 19:41:41,267 - Knowledge - INFO - load persisted knowledge: begin
2025-08-29 19:41:41,306 - Knowledge - INFO - Persisted knowledge files in /home/ubuntu/graphnode-backend-api/data/T0005/648348/b1358k8/hello-react/.knowledge have been renamed to use .json
2025-08-29 19:41:41,306 - Knowledge - INFO - Found code-base-name: https://github.com/praveen-mariappan/hello-react.git:main
2025-08-29 19:41:41,306 - Knowledge - INFO - Found code_base: <app.utils.kg_build.knowledge.KnowledgeCodeBase object at 0x70f747ca6cc0>
2025-08-29 19:41:41,306 - Knowledge - INFO - process ingested knowledge for /home/ubuntu/graphnode-backend-api/data/T0005/648348/b1358k8/hello-react/vite-project/src/App.tsx
2025-08-29 19:41:41,307 - Knowledge - INFO - Found code-base-name: https://github.com/praveen-mariappan/hello-react.git:main
2025-08-29 19:41:41,307 - Knowledge - INFO - Found code_base: <app.utils.kg_build.knowledge.KnowledgeCodeBase object at 0x70f747ca6cc0>
2025-08-29 19:41:41,307 - Knowledge - INFO - process ingested knowledge for /home/ubuntu/graphnode-backend-api/data/T0005/648348/b1358k8/hello-react/vite-project/vite.config.ts
2025-08-29 19:41:41,308 - Knowledge - INFO - Found code-base-name: https://github.com/praveen-mariappan/hello-react.git:main
2025-08-29 19:41:41,308 - Knowledge - INFO - Found code_base: <app.utils.kg_build.knowledge.KnowledgeCodeBase object at 0x70f747ca6cc0>
2025-08-29 19:41:41,308 - Knowledge - INFO - process ingested knowledge for /home/ubuntu/graphnode-backend-api/data/T0005/648348/b1358k8/hello-react/vite-project/package.json
2025-08-29 19:41:41,309 - Knowledge - INFO - Found code-base-name: https://github.com/praveen-mariappan/hello-react.git:main
2025-08-29 19:41:41,309 - Knowledge - INFO - Found code_base: <app.utils.kg_build.knowledge.KnowledgeCodeBase object at 0x70f747ca6cc0>
2025-08-29 19:41:41,309 - Knowledge - INFO - process ingested knowledge for /home/ubuntu/graphnode-backend-api/data/T0005/648348/b1358k8/hello-react/vite-project/tsconfig.json
2025-08-29 19:41:41,309 - Knowledge - INFO - Found code-base-name: https://github.com/praveen-mariappan/hello-react.git:main
2025-08-29 19:41:41,309 - Knowledge - INFO - Found code_base: <app.utils.kg_build.knowledge.KnowledgeCodeBase object at 0x70f747ca6cc0>
2025-08-29 19:41:41,309 - Knowledge - INFO - process ingested knowledge for /home/ubuntu/graphnode-backend-api/data/T0005/648348/b1358k8/hello-react/README.md
2025-08-29 19:41:41,310 - Knowledge - INFO - Found code-base-name: https://github.com/praveen-mariappan/hello-react.git:main
2025-08-29 19:41:41,310 - Knowledge - INFO - Found code_base: <app.utils.kg_build.knowledge.KnowledgeCodeBase object at 0x70f747ca6cc0>
2025-08-29 19:41:41,310 - Knowledge - INFO - process ingested knowledge for /home/ubuntu/graphnode-backend-api/data/T0005/648348/b1358k8/hello-react/vite-project/src/vite-env.d.ts
2025-08-29 19:41:41,311 - Knowledge - INFO - Found code-base-name: https://github.com/praveen-mariappan/hello-react.git:main
2025-08-29 19:41:41,311 - Knowledge - INFO - Found code_base: <app.utils.kg_build.knowledge.KnowledgeCodeBase object at 0x70f747ca6cc0>
2025-08-29 19:41:41,311 - Knowledge - INFO - process ingested knowledge for /home/ubuntu/graphnode-backend-api/data/T0005/648348/b1358k8/hello-react/vite-project/index.html
2025-08-29 19:41:41,311 - Knowledge - INFO - Found code-base-name: https://github.com/praveen-mariappan/hello-react.git:main
2025-08-29 19:41:41,311 - Knowledge - INFO - Found code_base: <app.utils.kg_build.knowledge.KnowledgeCodeBase object at 0x70f747ca6cc0>
2025-08-29 19:41:41,311 - Knowledge - INFO - process ingested knowledge for /home/ubuntu/graphnode-backend-api/data/T0005/648348/b1358k8/hello-react/vite-project/README.md
2025-08-29 19:41:41,312 - Knowledge - INFO - Found code-base-name: https://github.com/praveen-mariappan/hello-react.git:main
2025-08-29 19:41:41,312 - Knowledge - INFO - Found code_base: <app.utils.kg_build.knowledge.KnowledgeCodeBase object at 0x70f747ca6cc0>
2025-08-29 19:41:41,312 - Knowledge - INFO - process ingested knowledge for /home/ubuntu/graphnode-backend-api/data/T0005/648348/b1358k8/hello-react/vite-project/eslint.config.js
2025-08-29 19:41:41,313 - Knowledge - INFO - Found code-base-name: https://github.com/praveen-mariappan/hello-react.git:main
2025-08-29 19:41:41,313 - Knowledge - INFO - Found code_base: <app.utils.kg_build.knowledge.KnowledgeCodeBase object at 0x70f747ca6cc0>
2025-08-29 19:41:41,313 - Knowledge - INFO - process ingested knowledge for /home/ubuntu/graphnode-backend-api/data/T0005/648348/b1358k8/hello-react/vite-project/tsconfig.node.json
2025-08-29 19:41:41,313 - Knowledge - INFO - Found code-base-name: https://github.com/praveen-mariappan/hello-react.git:main
2025-08-29 19:41:41,314 - Knowledge - INFO - Found code_base: <app.utils.kg_build.knowledge.KnowledgeCodeBase object at 0x70f747ca6cc0>
2025-08-29 19:41:41,314 - Knowledge - INFO - process ingested knowledge for /home/ubuntu/graphnode-backend-api/data/T0005/648348/b1358k8/hello-react/vite-project/src/index.css
2025-08-29 19:41:41,314 - Knowledge - INFO - Found code-base-name: https://github.com/praveen-mariappan/hello-react.git:main
2025-08-29 19:41:41,314 - Knowledge - INFO - Found code_base: <app.utils.kg_build.knowledge.KnowledgeCodeBase object at 0x70f747ca6cc0>
2025-08-29 19:41:41,314 - Knowledge - INFO - process ingested knowledge for /home/ubuntu/graphnode-backend-api/data/T0005/648348/b1358k8/hello-react/vite-project/tsconfig.app.json
2025-08-29 19:41:41,315 - Knowledge - INFO - Found code-base-name: https://github.com/praveen-mariappan/hello-react.git:main
2025-08-29 19:41:41,315 - Knowledge - INFO - Found code_base: <app.utils.kg_build.knowledge.KnowledgeCodeBase object at 0x70f747ca6cc0>
2025-08-29 19:41:41,315 - Knowledge - INFO - process ingested knowledge for /home/ubuntu/graphnode-backend-api/data/T0005/648348/b1358k8/hello-react/vite-project/src/App.css
2025-08-29 19:41:41,315 - Knowledge - INFO - Found code-base-name: https://github.com/praveen-mariappan/hello-react.git:main
2025-08-29 19:41:41,316 - Knowledge - INFO - Found code_base: <app.utils.kg_build.knowledge.KnowledgeCodeBase object at 0x70f747ca6cc0>
2025-08-29 19:41:41,316 - Knowledge - INFO - process ingested knowledge for /home/ubuntu/graphnode-backend-api/data/T0005/648348/b1358k8/hello-react/vite-project/src/main.tsx
2025-08-29 19:41:41,316 - Knowledge - INFO - load persisted knowledge: end
2025-08-29 19:41:41,316 - Knowledge - INFO - load persisted docinfo: begin
2025-08-29 19:41:41,316 - Knowledge - INFO - load persisted docinfo: end
2025-08-29 19:41:41,319 - Knowledge - INFO - worker kw1 created with dedicated MongoDB connection (total: 1)
2025-08-29 19:41:41,320 - Knowledge - INFO - knowledge worker kw1 start
2025-08-29 19:41:41,321 - Knowledge - INFO - Knowledge creation complete
2025-08-29 19:41:41,326 - Knowledge - INFO - Updating org costs, total cost: 0
2025-08-29 19:41:41,337 - Knowledge - INFO - Saving knowledge to Redis...
2025-08-29 19:41:41,342 - Knowledge - INFO - Knowledge saved to Redis successfully
2025-08-29 20:19:27,494 - Knowledge - INFO - Redis support added with prefix knowledge:b1358k8:
2025-08-29 20:19:27,507 - Knowledge - INFO - load persisted knowledge: begin
2025-08-29 20:19:27,508 - Knowledge - INFO - Found code-base-name: https://github.com/praveen-mariappan/hello-react.git:main
2025-08-29 20:19:27,508 - Knowledge - INFO - Found code_base: <app.utils.kg_build.knowledge.KnowledgeCodeBase object at 0x71455c2633e0>
2025-08-29 20:19:27,508 - Knowledge - INFO - process ingested knowledge for /home/ubuntu/graphnode-backend-api/data/T0005/648348/b1358k8/hello-react/vite-project/src/App.tsx
2025-08-29 20:19:27,508 - Knowledge - INFO - Found code-base-name: https://github.com/praveen-mariappan/hello-react.git:main
2025-08-29 20:19:27,508 - Knowledge - INFO - Found code_base: <app.utils.kg_build.knowledge.KnowledgeCodeBase object at 0x71455c2633e0>
2025-08-29 20:19:27,508 - Knowledge - INFO - process ingested knowledge for /home/ubuntu/graphnode-backend-api/data/T0005/648348/b1358k8/hello-react/vite-project/vite.config.ts
2025-08-29 20:19:27,509 - Knowledge - INFO - Found code-base-name: https://github.com/praveen-mariappan/hello-react.git:main
2025-08-29 20:19:27,509 - Knowledge - INFO - Found code_base: <app.utils.kg_build.knowledge.KnowledgeCodeBase object at 0x71455c2633e0>
2025-08-29 20:19:27,509 - Knowledge - INFO - process ingested knowledge for /home/ubuntu/graphnode-backend-api/data/T0005/648348/b1358k8/hello-react/vite-project/package.json
2025-08-29 20:19:27,509 - Knowledge - INFO - Found code-base-name: https://github.com/praveen-mariappan/hello-react.git:main
2025-08-29 20:19:27,509 - Knowledge - INFO - Found code_base: <app.utils.kg_build.knowledge.KnowledgeCodeBase object at 0x71455c2633e0>
2025-08-29 20:19:27,509 - Knowledge - INFO - process ingested knowledge for /home/ubuntu/graphnode-backend-api/data/T0005/648348/b1358k8/hello-react/vite-project/tsconfig.json
2025-08-29 20:19:27,509 - Knowledge - INFO - Found code-base-name: https://github.com/praveen-mariappan/hello-react.git:main
2025-08-29 20:19:27,510 - Knowledge - INFO - Found code_base: <app.utils.kg_build.knowledge.KnowledgeCodeBase object at 0x71455c2633e0>
2025-08-29 20:19:27,510 - Knowledge - INFO - process ingested knowledge for /home/ubuntu/graphnode-backend-api/data/T0005/648348/b1358k8/hello-react/README.md
2025-08-29 20:19:27,510 - Knowledge - INFO - Found code-base-name: https://github.com/praveen-mariappan/hello-react.git:main
2025-08-29 20:19:27,510 - Knowledge - INFO - Found code_base: <app.utils.kg_build.knowledge.KnowledgeCodeBase object at 0x71455c2633e0>
2025-08-29 20:19:27,510 - Knowledge - INFO - process ingested knowledge for /home/ubuntu/graphnode-backend-api/data/T0005/648348/b1358k8/hello-react/vite-project/src/vite-env.d.ts
2025-08-29 20:19:27,510 - Knowledge - INFO - Found code-base-name: https://github.com/praveen-mariappan/hello-react.git:main
2025-08-29 20:19:27,510 - Knowledge - INFO - Found code_base: <app.utils.kg_build.knowledge.KnowledgeCodeBase object at 0x71455c2633e0>
2025-08-29 20:19:27,510 - Knowledge - INFO - process ingested knowledge for /home/ubuntu/graphnode-backend-api/data/T0005/648348/b1358k8/hello-react/vite-project/index.html
2025-08-29 20:19:27,511 - Knowledge - INFO - Found code-base-name: https://github.com/praveen-mariappan/hello-react.git:main
2025-08-29 20:19:27,511 - Knowledge - INFO - Found code_base: <app.utils.kg_build.knowledge.KnowledgeCodeBase object at 0x71455c2633e0>
2025-08-29 20:19:27,511 - Knowledge - INFO - process ingested knowledge for /home/ubuntu/graphnode-backend-api/data/T0005/648348/b1358k8/hello-react/vite-project/README.md
2025-08-29 20:19:27,511 - Knowledge - INFO - Found code-base-name: https://github.com/praveen-mariappan/hello-react.git:main
2025-08-29 20:19:27,511 - Knowledge - INFO - Found code_base: <app.utils.kg_build.knowledge.KnowledgeCodeBase object at 0x71455c2633e0>
2025-08-29 20:19:27,511 - Knowledge - INFO - process ingested knowledge for /home/ubuntu/graphnode-backend-api/data/T0005/648348/b1358k8/hello-react/vite-project/eslint.config.js
2025-08-29 20:19:27,512 - Knowledge - INFO - Found code-base-name: https://github.com/praveen-mariappan/hello-react.git:main
2025-08-29 20:19:27,512 - Knowledge - INFO - Found code_base: <app.utils.kg_build.knowledge.KnowledgeCodeBase object at 0x71455c2633e0>
2025-08-29 20:19:27,512 - Knowledge - INFO - process ingested knowledge for /home/ubuntu/graphnode-backend-api/data/T0005/648348/b1358k8/hello-react/vite-project/tsconfig.node.json
2025-08-29 20:19:27,512 - Knowledge - INFO - Found code-base-name: https://github.com/praveen-mariappan/hello-react.git:main
2025-08-29 20:19:27,512 - Knowledge - INFO - Found code_base: <app.utils.kg_build.knowledge.KnowledgeCodeBase object at 0x71455c2633e0>
2025-08-29 20:19:27,512 - Knowledge - INFO - process ingested knowledge for /home/ubuntu/graphnode-backend-api/data/T0005/648348/b1358k8/hello-react/vite-project/src/index.css
2025-08-29 20:19:27,513 - Knowledge - INFO - Found code-base-name: https://github.com/praveen-mariappan/hello-react.git:main
2025-08-29 20:19:27,513 - Knowledge - INFO - Found code_base: <app.utils.kg_build.knowledge.KnowledgeCodeBase object at 0x71455c2633e0>
2025-08-29 20:19:27,513 - Knowledge - INFO - process ingested knowledge for /home/ubuntu/graphnode-backend-api/data/T0005/648348/b1358k8/hello-react/vite-project/tsconfig.app.json
2025-08-29 20:19:27,513 - Knowledge - INFO - Found code-base-name: https://github.com/praveen-mariappan/hello-react.git:main
2025-08-29 20:19:27,513 - Knowledge - INFO - Found code_base: <app.utils.kg_build.knowledge.KnowledgeCodeBase object at 0x71455c2633e0>
2025-08-29 20:19:27,513 - Knowledge - INFO - process ingested knowledge for /home/ubuntu/graphnode-backend-api/data/T0005/648348/b1358k8/hello-react/vite-project/src/App.css
2025-08-29 20:19:27,514 - Knowledge - INFO - Found code-base-name: https://github.com/praveen-mariappan/hello-react.git:main
2025-08-29 20:19:27,514 - Knowledge - INFO - Found code_base: <app.utils.kg_build.knowledge.KnowledgeCodeBase object at 0x71455c2633e0>
2025-08-29 20:19:27,514 - Knowledge - INFO - process ingested knowledge for /home/ubuntu/graphnode-backend-api/data/T0005/648348/b1358k8/hello-react/vite-project/src/main.tsx
2025-08-29 20:19:27,514 - Knowledge - INFO - load persisted knowledge: end
2025-08-29 20:19:27,514 - Knowledge - INFO - load persisted docinfo: begin
2025-08-29 20:19:27,514 - Knowledge - INFO - load persisted docinfo: end
2025-08-29 20:19:27,517 - Knowledge - INFO - worker kw1 created with dedicated MongoDB connection (total: 1)
2025-08-29 20:19:27,517 - Knowledge - INFO - knowledge worker kw1 start
2025-08-29 20:19:27,518 - Knowledge - INFO - Knowledge creation complete
2025-08-29 20:19:27,523 - Knowledge - INFO - Updating org costs, total cost: 0
2025-08-29 20:19:27,525 - Knowledge - INFO - Saving knowledge to Redis...
2025-08-29 20:19:27,530 - Knowledge - INFO - Knowledge saved to Redis successfully
2025-08-29 20:21:39,058 - Knowledge - INFO - Redis support added with prefix knowledge:b1358k8:
2025-08-29 20:21:39,074 - Knowledge - INFO - load persisted knowledge: begin
2025-08-29 20:21:39,074 - Knowledge - INFO - Found code-base-name: https://github.com/praveen-mariappan/hello-react.git:main
2025-08-29 20:21:39,075 - Knowledge - INFO - Found code_base: <app.utils.kg_build.knowledge.KnowledgeCodeBase object at 0x745f99d9af90>
2025-08-29 20:21:39,075 - Knowledge - INFO - process ingested knowledge for /home/ubuntu/graphnode-backend-api/data/T0005/648348/b1358k8/hello-react/vite-project/src/App.tsx
2025-08-29 20:21:39,075 - Knowledge - INFO - Found code-base-name: https://github.com/praveen-mariappan/hello-react.git:main
2025-08-29 20:21:39,075 - Knowledge - INFO - Found code_base: <app.utils.kg_build.knowledge.KnowledgeCodeBase object at 0x745f99d9af90>
2025-08-29 20:21:39,075 - Knowledge - INFO - process ingested knowledge for /home/ubuntu/graphnode-backend-api/data/T0005/648348/b1358k8/hello-react/vite-project/vite.config.ts
2025-08-29 20:21:39,076 - Knowledge - INFO - Found code-base-name: https://github.com/praveen-mariappan/hello-react.git:main
2025-08-29 20:21:39,076 - Knowledge - INFO - Found code_base: <app.utils.kg_build.knowledge.KnowledgeCodeBase object at 0x745f99d9af90>
2025-08-29 20:21:39,076 - Knowledge - INFO - process ingested knowledge for /home/ubuntu/graphnode-backend-api/data/T0005/648348/b1358k8/hello-react/vite-project/package.json
2025-08-29 20:21:39,076 - Knowledge - INFO - Found code-base-name: https://github.com/praveen-mariappan/hello-react.git:main
2025-08-29 20:21:39,076 - Knowledge - INFO - Found code_base: <app.utils.kg_build.knowledge.KnowledgeCodeBase object at 0x745f99d9af90>
2025-08-29 20:21:39,076 - Knowledge - INFO - process ingested knowledge for /home/ubuntu/graphnode-backend-api/data/T0005/648348/b1358k8/hello-react/vite-project/tsconfig.json
2025-08-29 20:21:39,076 - Knowledge - INFO - Found code-base-name: https://github.com/praveen-mariappan/hello-react.git:main
2025-08-29 20:21:39,077 - Knowledge - INFO - Found code_base: <app.utils.kg_build.knowledge.KnowledgeCodeBase object at 0x745f99d9af90>
2025-08-29 20:21:39,077 - Knowledge - INFO - process ingested knowledge for /home/ubuntu/graphnode-backend-api/data/T0005/648348/b1358k8/hello-react/README.md
2025-08-29 20:21:39,077 - Knowledge - INFO - Found code-base-name: https://github.com/praveen-mariappan/hello-react.git:main
2025-08-29 20:21:39,077 - Knowledge - INFO - Found code_base: <app.utils.kg_build.knowledge.KnowledgeCodeBase object at 0x745f99d9af90>
2025-08-29 20:21:39,077 - Knowledge - INFO - process ingested knowledge for /home/ubuntu/graphnode-backend-api/data/T0005/648348/b1358k8/hello-react/vite-project/src/vite-env.d.ts
2025-08-29 20:21:39,077 - Knowledge - INFO - Found code-base-name: https://github.com/praveen-mariappan/hello-react.git:main
2025-08-29 20:21:39,077 - Knowledge - INFO - Found code_base: <app.utils.kg_build.knowledge.KnowledgeCodeBase object at 0x745f99d9af90>
2025-08-29 20:21:39,077 - Knowledge - INFO - process ingested knowledge for /home/ubuntu/graphnode-backend-api/data/T0005/648348/b1358k8/hello-react/vite-project/index.html
2025-08-29 20:21:39,078 - Knowledge - INFO - Found code-base-name: https://github.com/praveen-mariappan/hello-react.git:main
2025-08-29 20:21:39,078 - Knowledge - INFO - Found code_base: <app.utils.kg_build.knowledge.KnowledgeCodeBase object at 0x745f99d9af90>
2025-08-29 20:21:39,078 - Knowledge - INFO - process ingested knowledge for /home/ubuntu/graphnode-backend-api/data/T0005/648348/b1358k8/hello-react/vite-project/README.md
2025-08-29 20:21:39,078 - Knowledge - INFO - Found code-base-name: https://github.com/praveen-mariappan/hello-react.git:main
2025-08-29 20:21:39,078 - Knowledge - INFO - Found code_base: <app.utils.kg_build.knowledge.KnowledgeCodeBase object at 0x745f99d9af90>
2025-08-29 20:21:39,078 - Knowledge - INFO - process ingested knowledge for /home/ubuntu/graphnode-backend-api/data/T0005/648348/b1358k8/hello-react/vite-project/eslint.config.js
2025-08-29 20:21:39,079 - Knowledge - INFO - Found code-base-name: https://github.com/praveen-mariappan/hello-react.git:main
2025-08-29 20:21:39,079 - Knowledge - INFO - Found code_base: <app.utils.kg_build.knowledge.KnowledgeCodeBase object at 0x745f99d9af90>
2025-08-29 20:21:39,079 - Knowledge - INFO - process ingested knowledge for /home/ubuntu/graphnode-backend-api/data/T0005/648348/b1358k8/hello-react/vite-project/tsconfig.node.json
2025-08-29 20:21:39,079 - Knowledge - INFO - Found code-base-name: https://github.com/praveen-mariappan/hello-react.git:main
2025-08-29 20:21:39,079 - Knowledge - INFO - Found code_base: <app.utils.kg_build.knowledge.KnowledgeCodeBase object at 0x745f99d9af90>
2025-08-29 20:21:39,079 - Knowledge - INFO - process ingested knowledge for /home/ubuntu/graphnode-backend-api/data/T0005/648348/b1358k8/hello-react/vite-project/src/index.css
2025-08-29 20:21:39,080 - Knowledge - INFO - Found code-base-name: https://github.com/praveen-mariappan/hello-react.git:main
2025-08-29 20:21:39,080 - Knowledge - INFO - Found code_base: <app.utils.kg_build.knowledge.KnowledgeCodeBase object at 0x745f99d9af90>
2025-08-29 20:21:39,080 - Knowledge - INFO - process ingested knowledge for /home/ubuntu/graphnode-backend-api/data/T0005/648348/b1358k8/hello-react/vite-project/tsconfig.app.json
2025-08-29 20:21:39,080 - Knowledge - INFO - Found code-base-name: https://github.com/praveen-mariappan/hello-react.git:main
2025-08-29 20:21:39,080 - Knowledge - INFO - Found code_base: <app.utils.kg_build.knowledge.KnowledgeCodeBase object at 0x745f99d9af90>
2025-08-29 20:21:39,080 - Knowledge - INFO - process ingested knowledge for /home/ubuntu/graphnode-backend-api/data/T0005/648348/b1358k8/hello-react/vite-project/src/App.css
2025-08-29 20:21:39,080 - Knowledge - INFO - Found code-base-name: https://github.com/praveen-mariappan/hello-react.git:main
2025-08-29 20:21:39,080 - Knowledge - INFO - Found code_base: <app.utils.kg_build.knowledge.KnowledgeCodeBase object at 0x745f99d9af90>
2025-08-29 20:21:39,081 - Knowledge - INFO - process ingested knowledge for /home/ubuntu/graphnode-backend-api/data/T0005/648348/b1358k8/hello-react/vite-project/src/main.tsx
2025-08-29 20:21:39,081 - Knowledge - INFO - load persisted knowledge: end
2025-08-29 20:21:39,081 - Knowledge - INFO - load persisted docinfo: begin
2025-08-29 20:21:39,081 - Knowledge - INFO - load persisted docinfo: end
2025-08-29 20:21:39,084 - Knowledge - INFO - worker kw1 created with dedicated MongoDB connection (total: 1)
2025-08-29 20:21:39,084 - Knowledge - INFO - knowledge worker kw1 start
2025-08-29 20:21:39,085 - Knowledge - INFO - Knowledge creation complete
2025-08-29 20:21:39,090 - Knowledge - INFO - Updating org costs, total cost: 0
2025-08-29 20:21:39,092 - Knowledge - INFO - Saving knowledge to Redis...
2025-08-29 20:21:39,097 - Knowledge - INFO - Knowledge saved to Redis successfully
2025-08-29 20:29:19,506 - Knowledge - INFO - Redis support added with prefix knowledge:b1358k8:
2025-08-29 20:29:19,518 - Knowledge - INFO - load persisted knowledge: begin
2025-08-29 20:29:19,519 - Knowledge - INFO - Found code-base-name: https://github.com/praveen-mariappan/hello-react.git:main
2025-08-29 20:29:19,519 - Knowledge - INFO - Found code_base: <app.utils.kg_build.knowledge.KnowledgeCodeBase object at 0x7bc740e7aa80>
2025-08-29 20:29:19,519 - Knowledge - INFO - process ingested knowledge for /home/ubuntu/graphnode-backend-api/data/T0005/648348/b1358k8/hello-react/vite-project/src/App.tsx
2025-08-29 20:29:19,520 - Knowledge - INFO - Found code-base-name: https://github.com/praveen-mariappan/hello-react.git:main
2025-08-29 20:29:19,520 - Knowledge - INFO - Found code_base: <app.utils.kg_build.knowledge.KnowledgeCodeBase object at 0x7bc740e7aa80>
2025-08-29 20:29:19,520 - Knowledge - INFO - process ingested knowledge for /home/ubuntu/graphnode-backend-api/data/T0005/648348/b1358k8/hello-react/vite-project/vite.config.ts
2025-08-29 20:29:19,520 - Knowledge - INFO - Found code-base-name: https://github.com/praveen-mariappan/hello-react.git:main
2025-08-29 20:29:19,520 - Knowledge - INFO - Found code_base: <app.utils.kg_build.knowledge.KnowledgeCodeBase object at 0x7bc740e7aa80>
2025-08-29 20:29:19,520 - Knowledge - INFO - process ingested knowledge for /home/ubuntu/graphnode-backend-api/data/T0005/648348/b1358k8/hello-react/vite-project/package.json
2025-08-29 20:29:19,521 - Knowledge - INFO - Found code-base-name: https://github.com/praveen-mariappan/hello-react.git:main
2025-08-29 20:29:19,521 - Knowledge - INFO - Found code_base: <app.utils.kg_build.knowledge.KnowledgeCodeBase object at 0x7bc740e7aa80>
2025-08-29 20:29:19,521 - Knowledge - INFO - process ingested knowledge for /home/ubuntu/graphnode-backend-api/data/T0005/648348/b1358k8/hello-react/vite-project/tsconfig.json
2025-08-29 20:29:19,522 - Knowledge - INFO - Found code-base-name: https://github.com/praveen-mariappan/hello-react.git:main
2025-08-29 20:29:19,522 - Knowledge - INFO - Found code_base: <app.utils.kg_build.knowledge.KnowledgeCodeBase object at 0x7bc740e7aa80>
2025-08-29 20:29:19,522 - Knowledge - INFO - process ingested knowledge for /home/ubuntu/graphnode-backend-api/data/T0005/648348/b1358k8/hello-react/README.md
2025-08-29 20:29:19,522 - Knowledge - INFO - Found code-base-name: https://github.com/praveen-mariappan/hello-react.git:main
2025-08-29 20:29:19,522 - Knowledge - INFO - Found code_base: <app.utils.kg_build.knowledge.KnowledgeCodeBase object at 0x7bc740e7aa80>
2025-08-29 20:29:19,523 - Knowledge - INFO - process ingested knowledge for /home/ubuntu/graphnode-backend-api/data/T0005/648348/b1358k8/hello-react/vite-project/src/vite-env.d.ts
2025-08-29 20:29:19,523 - Knowledge - INFO - Found code-base-name: https://github.com/praveen-mariappan/hello-react.git:main
2025-08-29 20:29:19,523 - Knowledge - INFO - Found code_base: <app.utils.kg_build.knowledge.KnowledgeCodeBase object at 0x7bc740e7aa80>
2025-08-29 20:29:19,523 - Knowledge - INFO - process ingested knowledge for /home/ubuntu/graphnode-backend-api/data/T0005/648348/b1358k8/hello-react/vite-project/index.html
2025-08-29 20:29:19,524 - Knowledge - INFO - Found code-base-name: https://github.com/praveen-mariappan/hello-react.git:main
2025-08-29 20:29:19,524 - Knowledge - INFO - Found code_base: <app.utils.kg_build.knowledge.KnowledgeCodeBase object at 0x7bc740e7aa80>
2025-08-29 20:29:19,524 - Knowledge - INFO - process ingested knowledge for /home/ubuntu/graphnode-backend-api/data/T0005/648348/b1358k8/hello-react/vite-project/README.md
2025-08-29 20:29:19,524 - Knowledge - INFO - Found code-base-name: https://github.com/praveen-mariappan/hello-react.git:main
2025-08-29 20:29:19,524 - Knowledge - INFO - Found code_base: <app.utils.kg_build.knowledge.KnowledgeCodeBase object at 0x7bc740e7aa80>
2025-08-29 20:29:19,524 - Knowledge - INFO - process ingested knowledge for /home/ubuntu/graphnode-backend-api/data/T0005/648348/b1358k8/hello-react/vite-project/eslint.config.js
2025-08-29 20:29:19,525 - Knowledge - INFO - Found code-base-name: https://github.com/praveen-mariappan/hello-react.git:main
2025-08-29 20:29:19,525 - Knowledge - INFO - Found code_base: <app.utils.kg_build.knowledge.KnowledgeCodeBase object at 0x7bc740e7aa80>
2025-08-29 20:29:19,525 - Knowledge - INFO - process ingested knowledge for /home/ubuntu/graphnode-backend-api/data/T0005/648348/b1358k8/hello-react/vite-project/tsconfig.node.json
2025-08-29 20:29:19,525 - Knowledge - INFO - Found code-base-name: https://github.com/praveen-mariappan/hello-react.git:main
2025-08-29 20:29:19,525 - Knowledge - INFO - Found code_base: <app.utils.kg_build.knowledge.KnowledgeCodeBase object at 0x7bc740e7aa80>
2025-08-29 20:29:19,525 - Knowledge - INFO - process ingested knowledge for /home/ubuntu/graphnode-backend-api/data/T0005/648348/b1358k8/hello-react/vite-project/src/index.css
2025-08-29 20:29:19,526 - Knowledge - INFO - Found code-base-name: https://github.com/praveen-mariappan/hello-react.git:main
2025-08-29 20:29:19,526 - Knowledge - INFO - Found code_base: <app.utils.kg_build.knowledge.KnowledgeCodeBase object at 0x7bc740e7aa80>
2025-08-29 20:29:19,526 - Knowledge - INFO - process ingested knowledge for /home/ubuntu/graphnode-backend-api/data/T0005/648348/b1358k8/hello-react/vite-project/tsconfig.app.json
2025-08-29 20:29:19,526 - Knowledge - INFO - Found code-base-name: https://github.com/praveen-mariappan/hello-react.git:main
2025-08-29 20:29:19,526 - Knowledge - INFO - Found code_base: <app.utils.kg_build.knowledge.KnowledgeCodeBase object at 0x7bc740e7aa80>
2025-08-29 20:29:19,526 - Knowledge - INFO - process ingested knowledge for /home/ubuntu/graphnode-backend-api/data/T0005/648348/b1358k8/hello-react/vite-project/src/App.css
2025-08-29 20:29:19,527 - Knowledge - INFO - Found code-base-name: https://github.com/praveen-mariappan/hello-react.git:main
2025-08-29 20:29:19,527 - Knowledge - INFO - Found code_base: <app.utils.kg_build.knowledge.KnowledgeCodeBase object at 0x7bc740e7aa80>
2025-08-29 20:29:19,527 - Knowledge - INFO - process ingested knowledge for /home/ubuntu/graphnode-backend-api/data/T0005/648348/b1358k8/hello-react/vite-project/src/main.tsx
2025-08-29 20:29:19,527 - Knowledge - INFO - load persisted knowledge: end
2025-08-29 20:29:19,527 - Knowledge - INFO - load persisted docinfo: begin
2025-08-29 20:29:19,527 - Knowledge - INFO - load persisted docinfo: end
2025-08-29 20:29:19,530 - Knowledge - INFO - worker kw1 created with dedicated MongoDB connection (total: 1)
2025-08-29 20:29:19,530 - Knowledge - INFO - knowledge worker kw1 start
2025-08-29 20:29:19,531 - Knowledge - INFO - Knowledge creation complete
2025-08-29 20:29:19,537 - Knowledge - INFO - Updating org costs, total cost: 0
2025-08-29 20:29:19,539 - Knowledge - INFO - Saving knowledge to Redis...
2025-08-29 20:29:19,544 - Knowledge - INFO - Knowledge saved to Redis successfully
2025-08-29 20:38:59,738 - Knowledge - INFO - Redis support added with prefix knowledge:b1358k8:
2025-08-29 20:38:59,751 - Knowledge - INFO - load persisted knowledge: begin
2025-08-29 20:38:59,752 - Knowledge - INFO - Found code-base-name: https://github.com/praveen-mariappan/hello-react.git:main
2025-08-29 20:38:59,752 - Knowledge - INFO - Found code_base: <app.utils.kg_build.knowledge.KnowledgeCodeBase object at 0x7dda0446af60>
2025-08-29 20:38:59,752 - Knowledge - INFO - process ingested knowledge for /home/ubuntu/graphnode-backend-api/data/T0005/648348/b1358k8/hello-react/vite-project/src/App.tsx
2025-08-29 20:38:59,753 - Knowledge - INFO - Found code-base-name: https://github.com/praveen-mariappan/hello-react.git:main
2025-08-29 20:38:59,753 - Knowledge - INFO - Found code_base: <app.utils.kg_build.knowledge.KnowledgeCodeBase object at 0x7dda0446af60>
2025-08-29 20:38:59,753 - Knowledge - INFO - process ingested knowledge for /home/ubuntu/graphnode-backend-api/data/T0005/648348/b1358k8/hello-react/vite-project/vite.config.ts
2025-08-29 20:38:59,753 - Knowledge - INFO - Found code-base-name: https://github.com/praveen-mariappan/hello-react.git:main
2025-08-29 20:38:59,754 - Knowledge - INFO - Found code_base: <app.utils.kg_build.knowledge.KnowledgeCodeBase object at 0x7dda0446af60>
2025-08-29 20:38:59,754 - Knowledge - INFO - process ingested knowledge for /home/ubuntu/graphnode-backend-api/data/T0005/648348/b1358k8/hello-react/vite-project/package.json
2025-08-29 20:38:59,754 - Knowledge - INFO - Found code-base-name: https://github.com/praveen-mariappan/hello-react.git:main
2025-08-29 20:38:59,754 - Knowledge - INFO - Found code_base: <app.utils.kg_build.knowledge.KnowledgeCodeBase object at 0x7dda0446af60>
2025-08-29 20:38:59,754 - Knowledge - INFO - process ingested knowledge for /home/ubuntu/graphnode-backend-api/data/T0005/648348/b1358k8/hello-react/vite-project/tsconfig.json
2025-08-29 20:38:59,754 - Knowledge - INFO - Found code-base-name: https://github.com/praveen-mariappan/hello-react.git:main
2025-08-29 20:38:59,754 - Knowledge - INFO - Found code_base: <app.utils.kg_build.knowledge.KnowledgeCodeBase object at 0x7dda0446af60>
2025-08-29 20:38:59,754 - Knowledge - INFO - process ingested knowledge for /home/ubuntu/graphnode-backend-api/data/T0005/648348/b1358k8/hello-react/README.md
2025-08-29 20:38:59,755 - Knowledge - INFO - Found code-base-name: https://github.com/praveen-mariappan/hello-react.git:main
2025-08-29 20:38:59,755 - Knowledge - INFO - Found code_base: <app.utils.kg_build.knowledge.KnowledgeCodeBase object at 0x7dda0446af60>
2025-08-29 20:38:59,755 - Knowledge - INFO - process ingested knowledge for /home/ubuntu/graphnode-backend-api/data/T0005/648348/b1358k8/hello-react/vite-project/src/vite-env.d.ts
2025-08-29 20:38:59,755 - Knowledge - INFO - Found code-base-name: https://github.com/praveen-mariappan/hello-react.git:main
2025-08-29 20:38:59,755 - Knowledge - INFO - Found code_base: <app.utils.kg_build.knowledge.KnowledgeCodeBase object at 0x7dda0446af60>
2025-08-29 20:38:59,755 - Knowledge - INFO - process ingested knowledge for /home/ubuntu/graphnode-backend-api/data/T0005/648348/b1358k8/hello-react/vite-project/index.html
2025-08-29 20:38:59,756 - Knowledge - INFO - Found code-base-name: https://github.com/praveen-mariappan/hello-react.git:main
2025-08-29 20:38:59,756 - Knowledge - INFO - Found code_base: <app.utils.kg_build.knowledge.KnowledgeCodeBase object at 0x7dda0446af60>
2025-08-29 20:38:59,756 - Knowledge - INFO - process ingested knowledge for /home/ubuntu/graphnode-backend-api/data/T0005/648348/b1358k8/hello-react/vite-project/README.md
2025-08-29 20:38:59,756 - Knowledge - INFO - Found code-base-name: https://github.com/praveen-mariappan/hello-react.git:main
2025-08-29 20:38:59,756 - Knowledge - INFO - Found code_base: <app.utils.kg_build.knowledge.KnowledgeCodeBase object at 0x7dda0446af60>
2025-08-29 20:38:59,757 - Knowledge - INFO - process ingested knowledge for /home/ubuntu/graphnode-backend-api/data/T0005/648348/b1358k8/hello-react/vite-project/eslint.config.js
2025-08-29 20:38:59,757 - Knowledge - INFO - Found code-base-name: https://github.com/praveen-mariappan/hello-react.git:main
2025-08-29 20:38:59,757 - Knowledge - INFO - Found code_base: <app.utils.kg_build.knowledge.KnowledgeCodeBase object at 0x7dda0446af60>
2025-08-29 20:38:59,757 - Knowledge - INFO - process ingested knowledge for /home/ubuntu/graphnode-backend-api/data/T0005/648348/b1358k8/hello-react/vite-project/tsconfig.node.json
2025-08-29 20:38:59,757 - Knowledge - INFO - Found code-base-name: https://github.com/praveen-mariappan/hello-react.git:main
2025-08-29 20:38:59,757 - Knowledge - INFO - Found code_base: <app.utils.kg_build.knowledge.KnowledgeCodeBase object at 0x7dda0446af60>
2025-08-29 20:38:59,757 - Knowledge - INFO - process ingested knowledge for /home/ubuntu/graphnode-backend-api/data/T0005/648348/b1358k8/hello-react/vite-project/src/index.css
2025-08-29 20:38:59,758 - Knowledge - INFO - Found code-base-name: https://github.com/praveen-mariappan/hello-react.git:main
2025-08-29 20:38:59,758 - Knowledge - INFO - Found code_base: <app.utils.kg_build.knowledge.KnowledgeCodeBase object at 0x7dda0446af60>
2025-08-29 20:38:59,758 - Knowledge - INFO - process ingested knowledge for /home/ubuntu/graphnode-backend-api/data/T0005/648348/b1358k8/hello-react/vite-project/tsconfig.app.json
2025-08-29 20:38:59,758 - Knowledge - INFO - Found code-base-name: https://github.com/praveen-mariappan/hello-react.git:main
2025-08-29 20:38:59,758 - Knowledge - INFO - Found code_base: <app.utils.kg_build.knowledge.KnowledgeCodeBase object at 0x7dda0446af60>
2025-08-29 20:38:59,758 - Knowledge - INFO - process ingested knowledge for /home/ubuntu/graphnode-backend-api/data/T0005/648348/b1358k8/hello-react/vite-project/src/App.css
2025-08-29 20:38:59,759 - Knowledge - INFO - Found code-base-name: https://github.com/praveen-mariappan/hello-react.git:main
2025-08-29 20:38:59,759 - Knowledge - INFO - Found code_base: <app.utils.kg_build.knowledge.KnowledgeCodeBase object at 0x7dda0446af60>
2025-08-29 20:38:59,759 - Knowledge - INFO - process ingested knowledge for /home/ubuntu/graphnode-backend-api/data/T0005/648348/b1358k8/hello-react/vite-project/src/main.tsx
2025-08-29 20:38:59,760 - Knowledge - INFO - load persisted knowledge: end
2025-08-29 20:38:59,760 - Knowledge - INFO - load persisted docinfo: begin
2025-08-29 20:38:59,760 - Knowledge - INFO - load persisted docinfo: end
2025-08-29 20:38:59,763 - Knowledge - INFO - worker kw1 created with dedicated MongoDB connection (total: 1)
2025-08-29 20:38:59,763 - Knowledge - INFO - knowledge worker kw1 start
2025-08-29 20:38:59,764 - Knowledge - INFO - Knowledge creation complete
2025-08-29 20:38:59,769 - Knowledge - INFO - Updating org costs, total cost: 0
2025-08-29 20:38:59,771 - Knowledge - INFO - Saving knowledge to Redis...
2025-08-29 20:38:59,777 - Knowledge - INFO - Knowledge saved to Redis successfully
